[dotenv@17.3.1] injecting env (5) from .env.local -- tip: ⚙️  enable debug logging with { debug: true }
[dotenv@17.3.1] injecting env (0) from .env -- tip: ⚙️  load multiple .env files with { path: ['.env.local', '.env'] }
[2026-03-23 23:00:20.550 +0100] [32mINFO[39m: [36mStarting application bootstrap[39m
    [35mservice[39m: "telegram-bot"
    [35menv[39m: "development"
    [35menvironment[39m: "development"
    [35mnodeVersion[39m: "v24.14.0"
[2026-03-23 23:00:20.565 +0100] [32mINFO[39m: [36mDatabase initialized[39m
    [35mservice[39m: "telegram-bot"
    [35menv[39m: "development"
[2026-03-23 23:00:20.582 +0100] [32mINFO[39m: [36mRedis client connecting[39m
    [35mservice[39m: "telegram-bot"
    [35menv[39m: "development"
[2026-03-23 23:00:20.585 +0100] [32mINFO[39m: [36mRedis client ready[39m
    [35mservice[39m: "telegram-bot"
    [35menv[39m: "development"
[2026-03-23 23:00:20.585 +0100] [32mINFO[39m: [36mRedis cache connected successfully[39m
    [35mservice[39m: "telegram-bot"
    [35menv[39m: "development"
[2026-03-23 23:00:20.585 +0100] [32mINFO[39m: [36mCache service initialized[39m
    [35mservice[39m: "telegram-bot"
    [35menv[39m: "development"
    [35mmode[39m: "redis"
[2026-03-23 23:00:20.585 +0100] [32mINFO[39m: [36mInitializing queue service[39m
    [35mservice[39m: "telegram-bot"
    [35menv[39m: "development"
    [35mredisConfig[39m: {
      "host": "localhost",
      "port": 6379,
      "db": 0,
      "hasPassword": false
    }
[2026-03-23 23:00:20.593 +0100] [32mINFO[39m: [36mRecurring jobs scheduled[39m
    [35mservice[39m: "telegram-bot"
    [35menv[39m: "development"
[2026-03-23 23:00:20.593 +0100] [32mINFO[39m: [36mQueue service initialized successfully[39m
    [35mservice[39m: "telegram-bot"
    [35menv[39m: "development"
[2026-03-23 23:00:20.593 +0100] [32mINFO[39m: [36mQueue service initialized[39m
    [35mservice[39m: "telegram-bot"
    [35menv[39m: "development"
[2026-03-23 23:00:20.595 +0100] [32mINFO[39m: [36mTelegram delivery mode resolved[39m
    [35mservice[39m: "telegram-bot"
    [35menv[39m: "development"
    [35mrequestedMode[39m: "polling"
    [35meffectiveMode[39m: "polling"
[2026-03-23 23:00:20.622 +0100] [32mINFO[39m: [36mHTTP server started on port 3001[39m
    [35mservice[39m: "telegram-bot"
    [35menv[39m: "development"
[2026-03-23 23:00:20.754 +0100] [32mINFO[39m: [36mBot started in polling mode[39m
    [35mservice[39m: "telegram-bot"
    [35menv[39m: "development"
    [35musername[39m: "noct1_bot"
[2026-03-23 23:00:20.754 +0100] [32mINFO[39m: [36mMemory monitor started[39m
    [35mservice[39m: "telegram-bot"
    [35menv[39m: "development"
    [35mcheckInterval[39m: 30000
[2026-03-23 23:00:20.755 +0100] [32mINFO[39m: [36mShutdown handlers registered[39m
    [35mservice[39m: "telegram-bot"
    [35menv[39m: "development"
[2026-03-23 23:00:20.755 +0100] [32mINFO[39m: [36mApplication bootstrap completed successfully[39m
    [35mservice[39m: "telegram-bot"
    [35menv[39m: "development"
    [35muptime[39m: 0.9233438
[2026-03-23 23:00:20.755 +0100] [32mINFO[39m: [36mApplication is ready[39m
    [35mservice[39m: "telegram-bot"
    [35menv[39m: "development"
    [35muptime[39m: 0.9233906
[2026-03-23 23:00:45.987 +0100] [32mINFO[39m: [36mHTTP Request[39m
    [35mservice[39m: "telegram-bot"
    [35menv[39m: "development"
    [35mmethod[39m: "GET"
    [35mpath[39m: "/healthz"
    [35mstatusCode[39m: 200
    [35mresponseTime[39m: 2
    [35mip[39m: "::ffff:127.0.0.1"
